This file contains any messages produced by compilers while
running configure, to aid debugging if configure makes a mistake.

It was created by pidgin configure 2.7.3, which was
generated by GNU Autoconf 2.65.  Invocation command line was

  $ ./configure 

## --------- ##
## Platform. ##
## --------- ##

hostname = ubuntu
uname -m = i686
uname -r = 2.6.32-25-generic
uname -s = Linux
uname -v = #44-Ubuntu SMP Fri Sep 17 20:26:08 UTC 2010

/usr/bin/uname -p = unknown
/bin/uname -X     = unknown

/bin/arch              = unknown
/usr/bin/arch -k       = unknown
/usr/convex/getsysinfo = unknown
/usr/bin/hostinfo      = unknown
/bin/machine           = unknown
/usr/bin/oslevel       = unknown
/bin/universe          = unknown

PATH: /usr/local/sbin
PATH: /usr/local/bin
PATH: /usr/sbin
PATH: /usr/bin
PATH: /sbin
PATH: /bin
PATH: /usr/games


## ----------- ##
## Core tests. ##
## ----------- ##

configure:3118: checking build system type
configure:3132: result: i686-pc-linux-gnu
configure:3152: checking host system type
configure:3165: result: i686-pc-linux-gnu
configure:3202: checking for a BSD-compatible install
configure:3270: result: /usr/bin/install -c
configure:3281: checking whether build environment is sane
configure:3318: result: yes
configure:3380: checking for gawk
configure:3396: found /usr/bin/gawk
configure:3407: result: gawk
configure:3418: checking whether make sets $(MAKE)
configure:3440: result: yes
configure:3646: checking for sed
configure:3664: found /bin/sed
configure:3676: result: /bin/sed
configure:3739: checking for gcc
configure:3755: found /usr/bin/gcc
configure:3766: result: gcc
configure:3995: checking for C compiler version
configure:4004: gcc --version >&5
gcc (Ubuntu 4.4.3-4ubuntu5) 4.4.3
Copyright (C) 2009 Free Software Foundation, Inc.
This is free software; see the source for copying conditions.  There is NO
warranty; not even for MERCHANTABILITY or FITNESS FOR A PARTICULAR PURPOSE.

configure:4015: $? = 0
configure:4004: gcc -v >&5
Using built-in specs.
Target: i486-linux-gnu
Configured with: ../src/configure -v --with-pkgversion='Ubuntu 4.4.3-4ubuntu5' --with-bugurl=file:///usr/share/doc/gcc-4.4/README.Bugs --enable-languages=c,c++,fortran,objc,obj-c++ --prefix=/usr --enable-shared --enable-multiarch --enable-linker-build-id --with-system-zlib --libexecdir=/usr/lib --without-included-gettext --enable-threads=posix --with-gxx-include-dir=/usr/include/c++/4.4 --program-suffix=-4.4 --enable-nls --enable-clocale=gnu --enable-libstdcxx-debug --enable-plugin --enable-objc-gc --enable-targets=all --disable-werror --with-arch-32=i486 --with-tune=generic --enable-checking=release --build=i486-linux-gnu --host=i486-linux-gnu --target=i486-linux-gnu
Thread model: posix
gcc version 4.4.3 (Ubuntu 4.4.3-4ubuntu5) 
configure:4015: $? = 0
configure:4004: gcc -V >&5
gcc: '-V' option must have argument
configure:4015: $? = 1
configure:4004: gcc -qversion >&5
gcc: unrecognized option '-qversion'
gcc: no input files
configure:4015: $? = 1
configure:4035: checking whether the C compiler works
configure:4057: gcc    conftest.c  >&5
configure:4061: $? = 0
configure:4110: result: yes
configure:4113: checking for C compiler default output file name
configure:4115: result: a.out
configure:4121: checking for suffix of executables
configure:4128: gcc -o conftest    conftest.c  >&5
configure:4132: $? = 0
configure:4154: result: 
configure:4176: checking whether we are cross compiling
configure:4184: gcc -o conftest    conftest.c  >&5
configure:4188: $? = 0
configure:4195: ./conftest
configure:4199: $? = 0
configure:4214: result: no
configure:4219: checking for suffix of object files
configure:4241: gcc -c   conftest.c >&5
configure:4245: $? = 0
configure:4266: result: o
configure:4270: checking whether we are using the GNU C compiler
configure:4289: gcc -c   conftest.c >&5
configure:4289: $? = 0

## ---------------- ##
## Cache variables. ##
## ---------------- ##

ac_cv_build=i686-pc-linux-gnu
ac_cv_env_AVAHI_CFLAGS_set=
ac_cv_env_AVAHI_CFLAGS_value=
ac_cv_env_AVAHI_LIBS_set=
ac_cv_env_AVAHI_LIBS_value=
ac_cv_env_CC_set=
ac_cv_env_CC_value=
ac_cv_env_CFLAGS_set=
ac_cv_env_CFLAGS_value=
ac_cv_env_CHECK_CFLAGS_set=
ac_cv_env_CHECK_CFLAGS_value=
ac_cv_env_CHECK_LIBS_set=
ac_cv_env_CHECK_LIBS_value=
ac_cv_env_CPPFLAGS_set=
ac_cv_env_CPPFLAGS_value=
ac_cv_env_CPP_set=
ac_cv_env_CPP_value=
ac_cv_env_DBUS_CFLAGS_set=
ac_cv_env_DBUS_CFLAGS_value=
ac_cv_env_DBUS_LIBS_set=
ac_cv_env_DBUS_LIBS_value=
ac_cv_env_EVOLUTION_ADDRESSBOOK_CFLAGS_set=
ac_cv_env_EVOLUTION_ADDRESSBOOK_CFLAGS_value=
ac_cv_env_EVOLUTION_ADDRESSBOOK_LIBS_set=
ac_cv_env_EVOLUTION_ADDRESSBOOK_LIBS_value=
ac_cv_env_FARSIGHT_CFLAGS_set=
ac_cv_env_FARSIGHT_CFLAGS_value=
ac_cv_env_FARSIGHT_LIBS_set=
ac_cv_env_FARSIGHT_LIBS_value=
ac_cv_env_GADU_CFLAGS_set=
ac_cv_env_GADU_CFLAGS_value=
ac_cv_env_GADU_LIBS_set=
ac_cv_env_GADU_LIBS_value=
ac_cv_env_GLIB_CFLAGS_set=
ac_cv_env_GLIB_CFLAGS_value=
ac_cv_env_GLIB_LIBS_set=
ac_cv_env_GLIB_LIBS_value=
ac_cv_env_GSTINTERFACES_CFLAGS_set=
ac_cv_env_GSTINTERFACES_CFLAGS_value=
ac_cv_env_GSTINTERFACES_LIBS_set=
ac_cv_env_GSTINTERFACES_LIBS_value=
ac_cv_env_GSTREAMER_CFLAGS_set=
ac_cv_env_GSTREAMER_CFLAGS_value=
ac_cv_env_GSTREAMER_LIBS_set=
ac_cv_env_GSTREAMER_LIBS_value=
ac_cv_env_GTKSPELL_CFLAGS_set=
ac_cv_env_GTKSPELL_CFLAGS_value=
ac_cv_env_GTKSPELL_LIBS_set=
ac_cv_env_GTKSPELL_LIBS_value=
ac_cv_env_GTK_CFLAGS_set=
ac_cv_env_GTK_CFLAGS_value=
ac_cv_env_GTK_LIBS_set=
ac_cv_env_GTK_LIBS_value=
ac_cv_env_IDN_CFLAGS_set=
ac_cv_env_IDN_CFLAGS_value=
ac_cv_env_IDN_LIBS_set=
ac_cv_env_IDN_LIBS_value=
ac_cv_env_LDFLAGS_set=
ac_cv_env_LDFLAGS_value=
ac_cv_env_LIBS_set=
ac_cv_env_LIBS_value=
ac_cv_env_LIBXML_CFLAGS_set=
ac_cv_env_LIBXML_CFLAGS_value=
ac_cv_env_LIBXML_LIBS_set=
ac_cv_env_LIBXML_LIBS_value=
ac_cv_env_MEANWHILE_CFLAGS_set=
ac_cv_env_MEANWHILE_CFLAGS_value=
ac_cv_env_MEANWHILE_LIBS_set=
ac_cv_env_MEANWHILE_LIBS_value=
ac_cv_env_MONO_CFLAGS_set=
ac_cv_env_MONO_CFLAGS_value=
ac_cv_env_MONO_LIBS_set=
ac_cv_env_MONO_LIBS_value=
ac_cv_env_NETWORKMANAGER_CFLAGS_set=
ac_cv_env_NETWORKMANAGER_CFLAGS_value=
ac_cv_env_NETWORKMANAGER_LIBS_set=
ac_cv_env_NETWORKMANAGER_LIBS_value=
ac_cv_env_NSS_CFLAGS_set=
ac_cv_env_NSS_CFLAGS_value=
ac_cv_env_NSS_LIBS_set=
ac_cv_env_NSS_LIBS_value=
ac_cv_env_PANGO_CFLAGS_set=
ac_cv_env_PANGO_CFLAGS_value=
ac_cv_env_PANGO_LIBS_set=
ac_cv_env_PANGO_LIBS_value=
ac_cv_env_PKG_CONFIG_set=
ac_cv_env_PKG_CONFIG_value=
ac_cv_env_SILC_CFLAGS_set=
ac_cv_env_SILC_CFLAGS_value=
ac_cv_env_SILC_LIBS_set=
ac_cv_env_SILC_LIBS_value=
ac_cv_env_SQLITE3_CFLAGS_set=
ac_cv_env_SQLITE3_CFLAGS_value=
ac_cv_env_SQLITE3_LIBS_set=
ac_cv_env_SQLITE3_LIBS_value=
ac_cv_env_STARTUP_NOTIFICATION_CFLAGS_set=
ac_cv_env_STARTUP_NOTIFICATION_CFLAGS_value=
ac_cv_env_STARTUP_NOTIFICATION_LIBS_set=
ac_cv_env_STARTUP_NOTIFICATION_LIBS_value=
ac_cv_env_X11_CFLAGS_set=
ac_cv_env_X11_CFLAGS_value=
ac_cv_env_X11_LIBS_set=
ac_cv_env_X11_LIBS_value=
ac_cv_env_XMKMF_set=
ac_cv_env_XMKMF_value=
ac_cv_env_build_alias_set=
ac_cv_env_build_alias_value=
ac_cv_env_host_alias_set=
ac_cv_env_host_alias_value=
ac_cv_env_target_alias_set=
ac_cv_env_target_alias_value=
ac_cv_host=i686-pc-linux-gnu
ac_cv_objext=o
ac_cv_path_install='/usr/bin/install -c'
ac_cv_path_sedpath=/bin/sed
ac_cv_prog_AWK=gawk
ac_cv_prog_ac_ct_CC=gcc
ac_cv_prog_make_make_set=yes

## ----------------- ##
## Output variables. ##
## ----------------- ##

ACLOCAL='${SHELL} /home/mdlauer/pidgin-2.7.3/missing --run aclocal-1.9'
ALLOCA=''
ALL_LINGUAS=''
AMDEPBACKSLASH=''
AMDEP_FALSE=''
AMDEP_TRUE=''
AMTAR='${SHELL} /home/mdlauer/pidgin-2.7.3/missing --run tar'
AR=''
AUTOCONF='${SHELL} /home/mdlauer/pidgin-2.7.3/missing --run autoconf'
AUTOHEADER='${SHELL} /home/mdlauer/pidgin-2.7.3/missing --run autoheader'
AUTOMAKE='${SHELL} /home/mdlauer/pidgin-2.7.3/missing --run automake-1.9'
AVAHI_CFLAGS=''
AVAHI_LIBS=''
AWK='gawk'
BUILD_GEVOLUTION_FALSE=''
BUILD_GEVOLUTION_TRUE=''
CATALOGS=''
CATOBJEXT=''
CC='gcc'
CCDEPMODE=''
CFLAGS=''
CHECK_CFLAGS=''
CHECK_LIBS=''
CPP=''
CPPFLAGS=''
CYGPATH_W='echo'
DATADIRNAME=''
DBUS_CFLAGS=''
DBUS_LIBS=''
DBUS_SERVICES_DIR=''
DEBUG_CFLAGS=''
DEFS=''
DEPDIR=''
DISTRIB_FALSE=''
DISTRIB_TRUE=''
DOT=''
DOXYGEN=''
DSYMUTIL=''
DUMPBIN=''
DYNALOADER_A=''
DYNAMIC_PRPLS=''
ECHO_C=''
ECHO_N='-n'
ECHO_T=''
EGREP=''
ENABLE_CAP_FALSE=''
ENABLE_CAP_TRUE=''
ENABLE_DBUS_FALSE=''
ENABLE_DBUS_TRUE=''
ENABLE_GESTURES_FALSE=''
ENABLE_GESTURES_TRUE=''
ENABLE_GNT_FALSE=''
ENABLE_GNT_TRUE=''
ENABLE_GTK_FALSE=''
ENABLE_GTK_TRUE=''
ENABLE_TRAYCOMPAT_FALSE=''
ENABLE_TRAYCOMPAT_TRUE=''
EVOLUTION_ADDRESSBOOK_CFLAGS=''
EVOLUTION_ADDRESSBOOK_LIBS=''
EXEEXT=''
EXTERNAL_LIBZEPHYR_FALSE=''
EXTERNAL_LIBZEPHYR_TRUE=''
FARSIGHT_CFLAGS=''
FARSIGHT_LIBS=''
FGREP=''
GADU_CFLAGS=''
GADU_LIBS=''
GCONFTOOL=''
GCONF_SCHEMAS_INSTALL_FALSE=''
GCONF_SCHEMAS_INSTALL_TRUE=''
GCONF_SCHEMA_CONFIG_SOURCE=''
GCONF_SCHEMA_FILE_DIR=''
GETTEXT_PACKAGE=''
GLIB_CFLAGS=''
GLIB_GENMARSHAL=''
GLIB_LIBS=''
GMOFILES=''
GMSGFMT=''
GNT_CFLAGS=''
GNT_LIBS=''
GNT_LT_VERSION_INFO='8:0:8'
GNT_MAJOR_VERSION='2'
GNT_MICRO_VERSION='0'
GNT_MINOR_VERSION='8'
GNT_VERSION='gnt_display_version'
GNUTLS_CFLAGS=''
GNUTLS_LIBS=''
GREP=''
GSTINTERFACES_CFLAGS=''
GSTINTERFACES_LIBS=''
GSTREAMER_CFLAGS=''
GSTREAMER_LIBS=''
GTKSPELL_CFLAGS=''
GTKSPELL_LIBS=''
GTK_CFLAGS=''
GTK_LIBS=''
HAVE_CHECK_FALSE=''
HAVE_CHECK_TRUE=''
HAVE_DOXYGEN_FALSE=''
HAVE_DOXYGEN_TRUE=''
HAVE_XSLTPROC_FALSE=''
HAVE_XSLTPROC_TRUE=''
IDN_CFLAGS=''
IDN_LIBS=''
INSTALL_DATA='${INSTALL} -m 644'
INSTALL_I18N_FALSE=''
INSTALL_I18N_TRUE=''
INSTALL_PIXMAPS_FALSE=''
INSTALL_PIXMAPS_TRUE=''
INSTALL_PROGRAM='${INSTALL}'
INSTALL_SCRIPT='${INSTALL}'
INSTALL_SSL_CERTIFICATES_FALSE=''
INSTALL_SSL_CERTIFICATES_TRUE=''
INSTALL_STRIP_PROGRAM='${SHELL} $(install_sh) -c -s'
INSTOBJEXT=''
INTLLIBS=''
INTLTOOL_CAVES_RULE=''
INTLTOOL_DESKTOP_RULE=''
INTLTOOL_DIRECTORY_RULE=''
INTLTOOL_EXTRACT=''
INTLTOOL_KBD_RULE=''
INTLTOOL_KEYS_RULE=''
INTLTOOL_MERGE=''
INTLTOOL_OAF_RULE=''
INTLTOOL_PERL=''
INTLTOOL_POLICY_RULE=''
INTLTOOL_PONG_RULE=''
INTLTOOL_PROP_RULE=''
INTLTOOL_SCHEMAS_RULE=''
INTLTOOL_SERVER_RULE=''
INTLTOOL_SERVICE_RULE=''
INTLTOOL_SHEET_RULE=''
INTLTOOL_SOUNDLIST_RULE=''
INTLTOOL_THEME_RULE=''
INTLTOOL_UI_RULE=''
INTLTOOL_UPDATE=''
INTLTOOL_XAM_RULE=''
INTLTOOL_XML_NOMERGE_RULE=''
INTLTOOL_XML_RULE=''
KRB4_CFLAGS=''
KRB4_LDFLAGS=''
KRB4_LIBS=''
LD=''
LDADD=''
LDFLAGS=''
LIBOBJS=''
LIBPERL_A=''
LIBS=''
LIBTOOL=''
LIBXML_CFLAGS=''
LIBXML_LIBS=''
LIPO=''
LN_S=''
LTLIBOBJS=''
MAKEINFO='${SHELL} /home/mdlauer/pidgin-2.7.3/missing --run makeinfo'
MEANWHILE_CFLAGS=''
MEANWHILE_LIBS=''
MKINSTALLDIRS=''
MONO_CFLAGS=''
MONO_LIBS=''
MSGFMT=''
MSGFMT_OPTS=''
MSGMERGE=''
NETWORKMANAGER_CFLAGS=''
NETWORKMANAGER_LIBS=''
NM=''
NMEDIT=''
NSS_CFLAGS=''
NSS_LIBS=''
OBJDUMP=''
OBJEXT='o'
OTOOL64=''
OTOOL=''
PACKAGE='pidgin'
PACKAGE_BUGREPORT='devel@pidgin.im'
PACKAGE_NAME='pidgin'
PACKAGE_STRING='pidgin 2.7.3'
PACKAGE_TARNAME='pidgin'
PACKAGE_URL=''
PACKAGE_VERSION='2.7.3'
PANGO_CFLAGS=''
PANGO_LIBS=''
PATH_SEPARATOR=':'
PERL=''
PERL_CFLAGS=''
PERL_LIBS=''
PKG_CONFIG=''
PLUGINS_DEFINE=''
PLUGINS_FALSE=''
PLUGINS_TRUE=''
POFILES=''
POSUB=''
PO_IN_DATADIR_FALSE=''
PO_IN_DATADIR_TRUE=''
PURPLE_AVAILABLE_FALSE=''
PURPLE_AVAILABLE_TRUE=''
PURPLE_LT_VERSION_INFO='7:3:7'
PURPLE_MAJOR_VERSION='2'
PURPLE_MICRO_VERSION='3'
PURPLE_MINOR_VERSION='7'
PURPLE_VERSION='purple_display_version'
PYTHON=''
PY_CFLAGS=''
PY_LIBS=''
RANLIB=''
SASL_LIBS=''
SED=''
SET_MAKE=''
SHELL='/bin/bash'
SILC_CFLAGS=''
SILC_LIBS=''
SM_LIBS=''
SQLITE3_CFLAGS=''
SQLITE3_LIBS=''
SSL_CERTIFICATES_DIR=''
STARTUP_NOTIFICATION_CFLAGS=''
STARTUP_NOTIFICATION_LIBS=''
STATIC_BONJOUR_FALSE=''
STATIC_BONJOUR_TRUE=''
STATIC_GG_FALSE=''
STATIC_GG_TRUE=''
STATIC_IRC_FALSE=''
STATIC_IRC_TRUE=''
STATIC_JABBER_FALSE=''
STATIC_JABBER_TRUE=''
STATIC_LINK_LIBS=''
STATIC_MSN_FALSE=''
STATIC_MSN_TRUE=''
STATIC_MXIT_FALSE=''
STATIC_MXIT_TRUE=''
STATIC_MYSPACE_FALSE=''
STATIC_MYSPACE_TRUE=''
STATIC_NOVELL_FALSE=''
STATIC_NOVELL_TRUE=''
STATIC_OSCAR_FALSE=''
STATIC_OSCAR_TRUE=''
STATIC_PRPLS=''
STATIC_QQ_FALSE=''
STATIC_QQ_TRUE=''
STATIC_SAMETIME_FALSE=''
STATIC_SAMETIME_TRUE=''
STATIC_SILC_FALSE=''
STATIC_SILC_TRUE=''
STATIC_SIMPLE_FALSE=''
STATIC_SIMPLE_TRUE=''
STATIC_YAHOO_FALSE=''
STATIC_YAHOO_TRUE=''
STATIC_ZEPHYR_FALSE=''
STATIC_ZEPHYR_TRUE=''
STRIP=''
TCL_CFLAGS=''
TCL_LIBS=''
TK_LIBS=''
USE_CYRUS_SASL_FALSE=''
USE_CYRUS_SASL_TRUE=''
USE_GCONFTOOL_FALSE=''
USE_GCONFTOOL_TRUE=''
USE_GNUTLS_FALSE=''
USE_GNUTLS_TRUE=''
USE_INTERNAL_LIBGADU_FALSE=''
USE_INTERNAL_LIBGADU_TRUE=''
USE_MONO_FALSE=''
USE_MONO_TRUE=''
USE_NLS=''
USE_NSS_FALSE=''
USE_NSS_TRUE=''
USE_PERL_FALSE=''
USE_PERL_TRUE=''
USE_TCL_FALSE=''
USE_TCL_TRUE=''
USE_TK_FALSE=''
USE_TK_TRUE=''
USE_VV_FALSE=''
USE_VV_TRUE=''
VERSION='2.7.3'
X11_CFLAGS=''
X11_LIBS=''
XGETTEXT=''
XMKMF=''
XSLTPROC=''
XSS_LIBS=''
X_CFLAGS=''
X_EXTRA_LIBS=''
X_LIBS=''
X_PRE_LIBS=''
ZEPHYR_CFLAGS=''
ZEPHYR_LDFLAGS=''
ZEPHYR_LIBS=''
ac_ct_CC='gcc'
ac_ct_DUMPBIN=''
am__fastdepCC_FALSE=''
am__fastdepCC_TRUE=''
am__include=''
am__leading_dot='.'
am__quote=''
am__tar='${AMTAR} chof - "$$tardir"'
am__untar='${AMTAR} xf -'
bindir='${exec_prefix}/bin'
build='i686-pc-linux-gnu'
build_alias=''
build_cpu='i686'
build_os='linux-gnu'
build_vendor='pc'
datadir='${datarootdir}'
datarootdir='${prefix}/share'
docdir='${datarootdir}/doc/${PACKAGE_TARNAME}'
dvidir='${docdir}'
enable_dbus=''
enable_devhelp=''
enable_dot=''
enable_doxygen=''
exec_prefix='NONE'
host='i686-pc-linux-gnu'
host_alias=''
host_cpu='i686'
host_os='linux-gnu'
host_vendor='pc'
htmldir='${docdir}'
includedir='${prefix}/include'
infodir='${datarootdir}/info'
install_sh='/home/mdlauer/pidgin-2.7.3/install-sh'
libdir='${exec_prefix}/lib'
libexecdir='${exec_prefix}/libexec'
localedir='${datarootdir}/locale'
localstatedir='${prefix}/var'
lt_ECHO='echo'
mandir='${datarootdir}/man'
mkdir_p='mkdir -p --'
oldincludedir='/usr/include'
pdfdir='${docdir}'
perlpath=''
pidginpath=''
prefix='NONE'
program_transform_name='s,x,x,'
psdir='${docdir}'
sbindir='${exec_prefix}/sbin'
sedpath='/bin/sed'
sharedstatedir='${prefix}/com'
sysconfdir='${prefix}/etc'
target_alias=''

## ----------- ##
## confdefs.h. ##
## ----------- ##

/* confdefs.h */
#define PACKAGE_NAME "pidgin"
#define PACKAGE_TARNAME "pidgin"
#define PACKAGE_VERSION "2.7.3"
#define PACKAGE_STRING "pidgin 2.7.3"
#define PACKAGE_BUGREPORT "devel@pidgin.im"
#define PACKAGE_URL ""
#define PACKAGE "pidgin"
#define VERSION "2.7.3"
#define CONFIG_ARGS ""

configure: caught signal 2
configure: exit 1
